<?xml version="1.0" encoding="UTF-8"?>
<testng-results ignored="0" total="5" passed="5" failed="0" skipped="0">
  <reporter-output>
  </reporter-output>
  <suite started-at="2024-10-22T11:04:49 IST" name="Suite" finished-at="2024-10-22T11:05:31 IST" duration-ms="42245">
    <groups>
      <group name="sanity">
        <method signature="RestAssured_TestCases.verifyGetPostById()[pri:1, instance:testcases.RestAssured_TestCases@7a9c84a5]" name="verifyGetPostById" class="testcases.RestAssured_TestCases"/>
        <method signature="RestAssured_TestCases.verifyAddPost()[pri:2, instance:testcases.RestAssured_TestCases@7a9c84a5]" name="verifyAddPost" class="testcases.RestAssured_TestCases"/>
        <method signature="RestAssured_TestCases.verifyUpdatePost()[pri:3, instance:testcases.RestAssured_TestCases@7a9c84a5]" name="verifyUpdatePost" class="testcases.RestAssured_TestCases"/>
        <method signature="RestAssured_TestCases.verifyDeletePost()[pri:4, instance:testcases.RestAssured_TestCases@7a9c84a5]" name="verifyDeletePost" class="testcases.RestAssured_TestCases"/>
        <method signature="RestAssured_TestCases.verifyGetCommentsForPost()[pri:5, instance:testcases.RestAssured_TestCases@7a9c84a5]" name="verifyGetCommentsForPost" class="testcases.RestAssured_TestCases"/>
      </group> <!-- sanity -->
    </groups>
    <test started-at="2024-10-22T11:04:49 IST" name="Test" finished-at="2024-10-22T11:05:31 IST" duration-ms="42245">
      <class name="testcases.RestAssured_TestCases">
        <test-method signature="verifyGetPostById()[pri:1, instance:testcases.RestAssured_TestCases@7a9c84a5]" started-at="2024-10-22T11:04:50 IST" name="verifyGetPostById" description="Precondition: Access to JSONPlaceholder API
1. Send GET request to retrieve post by ID
2. Verify the response status code is 200
3. Validate the response body contains the expected post data" finished-at="2024-10-22T11:05:03 IST" duration-ms="13274" status="PASS">
          <reporter-output>
          </reporter-output>
        </test-method> <!-- verifyGetPostById -->
        <test-method signature="verifyAddPost()[pri:2, instance:testcases.RestAssured_TestCases@7a9c84a5]" started-at="2024-10-22T11:05:10 IST" name="verifyAddPost" description="Precondition: Access to JSONPlaceholder API
1. Send POST request to create a new post
2. Verify the response status code is 201
3. Validate the response body contains the expected post data" finished-at="2024-10-22T11:05:17 IST" duration-ms="6472" status="PASS">
          <reporter-output>
          </reporter-output>
        </test-method> <!-- verifyAddPost -->
        <test-method signature="verifyUpdatePost()[pri:3, instance:testcases.RestAssured_TestCases@7a9c84a5]" started-at="2024-10-22T11:05:21 IST" name="verifyUpdatePost" description="Precondition: Access to JSONPlaceholder API
1. Send PUT request to update an existing post
2. Verify the response status code is 200
3. Validate the response body contains the updated post data" finished-at="2024-10-22T11:05:21 IST" duration-ms="721" status="PASS">
          <reporter-output>
          </reporter-output>
        </test-method> <!-- verifyUpdatePost -->
        <test-method signature="verifyDeletePost()[pri:4, instance:testcases.RestAssured_TestCases@7a9c84a5]" started-at="2024-10-22T11:05:24 IST" name="verifyDeletePost" description="Precondition: Access to JSONPlaceholder API
1. Send DELETE request to delete an existing post by ID
2. Verify the response status code is 200 or 204
3. Ensure the post is deleted by verifying a GET request returns 404" finished-at="2024-10-22T11:05:25 IST" duration-ms="796" status="PASS">
          <reporter-output>
          </reporter-output>
        </test-method> <!-- verifyDeletePost -->
        <test-method signature="verifyGetCommentsForPost()[pri:5, instance:testcases.RestAssured_TestCases@7a9c84a5]" started-at="2024-10-22T11:05:28 IST" name="verifyGetCommentsForPost" description="Precondition: Access to JSONPlaceholder API
1. Send GET request to retrieve comments for a post by postId
2. Verify the response status code is 200
3. Validate that the response contains comments data" finished-at="2024-10-22T11:05:28 IST" duration-ms="176" status="PASS">
          <reporter-output>
          </reporter-output>
        </test-method> <!-- verifyGetCommentsForPost -->
      </class> <!-- testcases.RestAssured_TestCases -->
    </test> <!-- Test -->
  </suite> <!-- Suite -->
</testng-results>
